0 info it worked if it ends with ok
1 verbose cli [
1 verbose cli   '/opt/hostedtoolcache/node/16.20.2/x64/bin/node',
1 verbose cli   '/home/runner/work/FORKX/FORKX/node_modules/.bin/npm',
1 verbose cli   'install',
1 verbose cli   'pupter'
1 verbose cli ]
2 info using npm@2.15.12
3 info using node@v16.20.2
4 verbose install initial load of /home/runner/work/FORKX/FORKX/package.json
5 verbose stack Error: Invalid version: "1.3.2-(beta)"
5 verbose stack     at Object.fixVersionField (/home/runner/work/FORKX/FORKX/node_modules/npm/node_modules/normalize-package-data/lib/fixer.js:191:13)
5 verbose stack     at /home/runner/work/FORKX/FORKX/node_modules/npm/node_modules/normalize-package-data/lib/normalize.js:32:38
5 verbose stack     at Array.forEach (<anonymous>)
5 verbose stack     at normalize (/home/runner/work/FORKX/FORKX/node_modules/npm/node_modules/normalize-package-data/lib/normalize.js:31:15)
5 verbose stack     at final (/home/runner/work/FORKX/FORKX/node_modules/npm/node_modules/read-package-json/read-json.js:349:5)
5 verbose stack     at then (/home/runner/work/FORKX/FORKX/node_modules/npm/node_modules/read-package-json/read-json.js:124:5)
5 verbose stack     at /home/runner/work/FORKX/FORKX/node_modules/npm/node_modules/read-package-json/read-json.js:311:12
5 verbose stack     at /home/runner/work/FORKX/FORKX/node_modules/npm/node_modules/graceful-fs/graceful-fs.js:78:16
5 verbose stack     at FSReqCallback.readFileAfterClose [as oncomplete] (node:internal/fs/read_file_context:68:3)
6 verbose cwd /home/runner/work/FORKX/FORKX
7 error Linux 6.5.0-1018-azure
8 error argv "/opt/hostedtoolcache/node/16.20.2/x64/bin/node" "/home/runner/work/FORKX/FORKX/node_modules/.bin/npm" "install" "pupter"
9 error node v16.20.2
10 error npm  v2.15.12
11 error Invalid version: "1.3.2-(beta)"
12 error If you need help, you may report this error at:
12 error     <https://github.com/npm/npm/issues>
13 verbose exit [ 1, true ]
